d:\visual projekty 2015\odledycyjna\odledycyjna\debug\vc140.pdb
d:\visual projekty 2015\odledycyjna\odledycyjna\debug\vc140.idb
d:\visual projekty 2015\odledycyjna\odledycyjna\debug\odledycyjna.obj
d:\visual projekty 2015\odledycyjna\odledycyjna\debug\stdafx.obj
d:\uczelnia\odledycyjna\odledycyjna\debug\vc140.pdb
d:\uczelnia\odledycyjna\odledycyjna\debug\vc140.idb
d:\uczelnia\odledycyjna\odledycyjna\debug\odledycyjna.obj
d:\uczelnia\odledycyjna\odledycyjna\debug\stdafx.obj
d:\visual projekty 2015\odledycyjna\debug\odledycyjna.ilk
d:\visual projekty 2015\odledycyjna\debug\odledycyjna.exe
d:\visual projekty 2015\odledycyjna\debug\odledycyjna.pdb
d:\uczelnia\odledycyjna\debug\odledycyjna.ilk
d:\uczelnia\odledycyjna\debug\odledycyjna.exe
d:\uczelnia\odledycyjna\debug\odledycyjna.pdb
d:\uczelnia\odledycyjna\odledycyjna\debug\odledycyjna.obj.enc
d:\uczelnia\odledycyjna\odledycyjna\debug\odledycyjna.tlog\cl.command.1.tlog
d:\uczelnia\odledycyjna\odledycyjna\debug\odledycyjna.tlog\cl.read.1.tlog
d:\uczelnia\odledycyjna\odledycyjna\debug\odledycyjna.tlog\cl.write.1.tlog
d:\uczelnia\odledycyjna\odledycyjna\debug\odledycyjna.tlog\link.command.1.tlog
d:\uczelnia\odledycyjna\odledycyjna\debug\odledycyjna.tlog\link.read.1.tlog
d:\uczelnia\odledycyjna\odledycyjna\debug\odledycyjna.tlog\link.write.1.tlog
